Analysis & Synthesis report for arithmetic_processor
Wed Apr 08 16:41:27 2020
Quartus II 64-Bit Version 13.0.1 Build 232 06/12/2013 Service Pack 1 SJ Web Edition


---------------------
; Table of Contents ;
---------------------
  1. Legal Notice
  2. Analysis & Synthesis Summary
  3. Analysis & Synthesis Settings
  4. Parallel Compilation
  5. Analysis & Synthesis Source Files Read
  6. Analysis & Synthesis Resource Usage Summary
  7. Analysis & Synthesis Resource Utilization by Entity
  8. User-Specified and Inferred Latches
  9. Registers Removed During Synthesis
 10. General Register Statistics
 11. Multiplexer Restructuring Statistics (Restructuring Performed)
 12. Port Connectivity Checks: "Multiplier:Multiplier|ALU:Subtractor"
 13. Port Connectivity Checks: "Multiplier:Multiplier|ALU:Adder"
 14. Elapsed Time Per Partition
 15. Analysis & Synthesis Messages
 16. Analysis & Synthesis Suppressed Messages



----------------
; Legal Notice ;
----------------
Copyright (C) 1991-2013 Altera Corporation
Your use of Altera Corporation's design tools, logic functions 
and other software and tools, and its AMPP partner logic 
functions, and any output files from any of the foregoing 
(including device programming or simulation files), and any 
associated documentation or information are expressly subject 
to the terms and conditions of the Altera Program License 
Subscription Agreement, Altera MegaCore Function License 
Agreement, or other applicable license agreement, including, 
without limitation, that your use is for the sole purpose of 
programming logic devices manufactured by Altera and sold by 
Altera or its authorized distributors.  Please refer to the 
applicable agreement for further details.



+--------------------------------------------------------------------------------------+
; Analysis & Synthesis Summary                                                         ;
+------------------------------------+-------------------------------------------------+
; Analysis & Synthesis Status        ; Successful - Wed Apr 08 16:41:27 2020           ;
; Quartus II 64-Bit Version          ; 13.0.1 Build 232 06/12/2013 SP 1 SJ Web Edition ;
; Revision Name                      ; arithmetic_processor                            ;
; Top-level Entity Name              ; Datapath                                        ;
; Family                             ; Cyclone II                                      ;
; Total logic elements               ; 402                                             ;
;     Total combinational functions  ; 394                                             ;
;     Dedicated logic registers      ; 105                                             ;
; Total registers                    ; 105                                             ;
; Total pins                         ; 96                                              ;
; Total virtual pins                 ; 0                                               ;
; Total memory bits                  ; 0                                               ;
; Embedded Multiplier 9-bit elements ; 0                                               ;
; Total PLLs                         ; 0                                               ;
+------------------------------------+-------------------------------------------------+


+------------------------------------------------------------------------------------------------------------------------+
; Analysis & Synthesis Settings                                                                                          ;
+----------------------------------------------------------------------------+--------------------+----------------------+
; Option                                                                     ; Setting            ; Default Value        ;
+----------------------------------------------------------------------------+--------------------+----------------------+
; Device                                                                     ; EP2C70F896C6       ;                      ;
; Top-level entity name                                                      ; Datapath           ; arithmetic_processor ;
; Family name                                                                ; Cyclone II         ; Cyclone IV GX        ;
; Use smart compilation                                                      ; Off                ; Off                  ;
; Enable parallel Assembler and TimeQuest Timing Analyzer during compilation ; On                 ; On                   ;
; Enable compact report table                                                ; Off                ; Off                  ;
; Restructure Multiplexers                                                   ; Auto               ; Auto                 ;
; Create Debugging Nodes for IP Cores                                        ; Off                ; Off                  ;
; Preserve fewer node names                                                  ; On                 ; On                   ;
; Disable OpenCore Plus hardware evaluation                                  ; Off                ; Off                  ;
; Verilog Version                                                            ; Verilog_2001       ; Verilog_2001         ;
; VHDL Version                                                               ; VHDL_1993          ; VHDL_1993            ;
; State Machine Processing                                                   ; Auto               ; Auto                 ;
; Safe State Machine                                                         ; Off                ; Off                  ;
; Extract Verilog State Machines                                             ; On                 ; On                   ;
; Extract VHDL State Machines                                                ; On                 ; On                   ;
; Ignore Verilog initial constructs                                          ; Off                ; Off                  ;
; Iteration limit for constant Verilog loops                                 ; 5000               ; 5000                 ;
; Iteration limit for non-constant Verilog loops                             ; 250                ; 250                  ;
; Add Pass-Through Logic to Inferred RAMs                                    ; On                 ; On                   ;
; Infer RAMs from Raw Logic                                                  ; On                 ; On                   ;
; Parallel Synthesis                                                         ; On                 ; On                   ;
; DSP Block Balancing                                                        ; Auto               ; Auto                 ;
; NOT Gate Push-Back                                                         ; On                 ; On                   ;
; Power-Up Don't Care                                                        ; On                 ; On                   ;
; Remove Redundant Logic Cells                                               ; Off                ; Off                  ;
; Remove Duplicate Registers                                                 ; On                 ; On                   ;
; Ignore CARRY Buffers                                                       ; Off                ; Off                  ;
; Ignore CASCADE Buffers                                                     ; Off                ; Off                  ;
; Ignore GLOBAL Buffers                                                      ; Off                ; Off                  ;
; Ignore ROW GLOBAL Buffers                                                  ; Off                ; Off                  ;
; Ignore LCELL Buffers                                                       ; Off                ; Off                  ;
; Ignore SOFT Buffers                                                        ; On                 ; On                   ;
; Limit AHDL Integers to 32 Bits                                             ; Off                ; Off                  ;
; Optimization Technique                                                     ; Balanced           ; Balanced             ;
; Carry Chain Length                                                         ; 70                 ; 70                   ;
; Auto Carry Chains                                                          ; On                 ; On                   ;
; Auto Open-Drain Pins                                                       ; On                 ; On                   ;
; Perform WYSIWYG Primitive Resynthesis                                      ; Off                ; Off                  ;
; Auto ROM Replacement                                                       ; On                 ; On                   ;
; Auto RAM Replacement                                                       ; On                 ; On                   ;
; Auto Shift Register Replacement                                            ; Auto               ; Auto                 ;
; Allow Shift Register Merging across Hierarchies                            ; Auto               ; Auto                 ;
; Auto Clock Enable Replacement                                              ; On                 ; On                   ;
; Strict RAM Replacement                                                     ; Off                ; Off                  ;
; Allow Synchronous Control Signals                                          ; On                 ; On                   ;
; Force Use of Synchronous Clear Signals                                     ; Off                ; Off                  ;
; Auto RAM to Logic Cell Conversion                                          ; Off                ; Off                  ;
; Auto Resource Sharing                                                      ; Off                ; Off                  ;
; Allow Any RAM Size For Recognition                                         ; Off                ; Off                  ;
; Allow Any ROM Size For Recognition                                         ; Off                ; Off                  ;
; Allow Any Shift Register Size For Recognition                              ; Off                ; Off                  ;
; Use LogicLock Constraints during Resource Balancing                        ; On                 ; On                   ;
; Ignore translate_off and synthesis_off directives                          ; Off                ; Off                  ;
; Timing-Driven Synthesis                                                    ; Off                ; Off                  ;
; Report Parameter Settings                                                  ; On                 ; On                   ;
; Report Source Assignments                                                  ; On                 ; On                   ;
; Report Connectivity Checks                                                 ; On                 ; On                   ;
; Ignore Maximum Fan-Out Assignments                                         ; Off                ; Off                  ;
; Synchronization Register Chain Length                                      ; 2                  ; 2                    ;
; PowerPlay Power Optimization                                               ; Normal compilation ; Normal compilation   ;
; HDL message level                                                          ; Level2             ; Level2               ;
; Suppress Register Optimization Related Messages                            ; Off                ; Off                  ;
; Number of Removed Registers Reported in Synthesis Report                   ; 5000               ; 5000                 ;
; Number of Swept Nodes Reported in Synthesis Report                         ; 5000               ; 5000                 ;
; Number of Inverted Registers Reported in Synthesis Report                  ; 100                ; 100                  ;
; Clock MUX Protection                                                       ; On                 ; On                   ;
; Auto Gated Clock Conversion                                                ; Off                ; Off                  ;
; Block Design Naming                                                        ; Auto               ; Auto                 ;
; SDC constraint protection                                                  ; Off                ; Off                  ;
; Synthesis Effort                                                           ; Auto               ; Auto                 ;
; Shift Register Replacement - Allow Asynchronous Clear Signal               ; On                 ; On                   ;
; Pre-Mapping Resynthesis Optimization                                       ; Off                ; Off                  ;
; Analysis & Synthesis Message Level                                         ; Medium             ; Medium               ;
; Disable Register Merging Across Hierarchies                                ; Auto               ; Auto                 ;
; Resource Aware Inference For Block RAM                                     ; On                 ; On                   ;
; Synthesis Seed                                                             ; 1                  ; 1                    ;
+----------------------------------------------------------------------------+--------------------+----------------------+


Parallel compilation was disabled, but you have multiple processors available. Enable parallel compilation to reduce compilation time.
+-------------------------------------+
; Parallel Compilation                ;
+----------------------------+--------+
; Processors                 ; Number ;
+----------------------------+--------+
; Number detected on machine ; 4      ;
; Maximum allowed            ; 1      ;
+----------------------------+--------+


+-------------------------------------------------------------------------------------------------------------------------------------------------------------------------------------------------------+
; Analysis & Synthesis Source Files Read                                                                                                                                                                ;
+----------------------------------+-----------------+------------------------------------+---------------------------------------------------------------------------------------------------+---------+
; File Name with User-Entered Path ; Used in Netlist ; File Type                          ; File Name with Absolute Path                                                                      ; Library ;
+----------------------------------+-----------------+------------------------------------+---------------------------------------------------------------------------------------------------+---------+
; Multiplier.v                     ; yes             ; User Verilog HDL File              ; C:/Users/Saad Yousaf/Documents/GitHub/multicycle-processor/arithmetic_processor/Multiplier.v      ;         ;
; ALU.v                            ; yes             ; User Verilog HDL File              ; C:/Users/Saad Yousaf/Documents/GitHub/multicycle-processor/arithmetic_processor/ALU.v             ;         ;
; ap_function.v                    ; yes             ; User Verilog HDL File              ; C:/Users/Saad Yousaf/Documents/GitHub/multicycle-processor/arithmetic_processor/ap_function.v     ;         ;
; MUX4TO1.v                        ; yes             ; User Verilog HDL File              ; C:/Users/Saad Yousaf/Documents/GitHub/multicycle-processor/arithmetic_processor/MUX4TO1.v         ;         ;
; Datapath.bdf                     ; yes             ; User Block Diagram/Schematic File  ; C:/Users/Saad Yousaf/Documents/GitHub/multicycle-processor/arithmetic_processor/Datapath.bdf      ;         ;
; SHIFTREG8.v                      ; yes             ; User Verilog HDL File              ; C:/Users/Saad Yousaf/Documents/GitHub/multicycle-processor/arithmetic_processor/SHIFTREG8.v       ;         ;
; MUX2TO1.v                        ; yes             ; User Verilog HDL File              ; C:/Users/Saad Yousaf/Documents/GitHub/multicycle-processor/arithmetic_processor/MUX2TO1.v         ;         ;
; DFF1.v                           ; yes             ; User Verilog HDL File              ; C:/Users/Saad Yousaf/Documents/GitHub/multicycle-processor/arithmetic_processor/DFF1.v            ;         ;
; MUX2TO1_8BIT.v                   ; yes             ; User Verilog HDL File              ; C:/Users/Saad Yousaf/Documents/GitHub/multicycle-processor/arithmetic_processor/MUX2TO1_8BIT.v    ;         ;
; RegisterFile8x8.v                ; yes             ; User Verilog HDL File              ; C:/Users/Saad Yousaf/Documents/GitHub/multicycle-processor/arithmetic_processor/RegisterFile8x8.v ;         ;
; data_memory.v                    ; yes             ; User Verilog HDL File              ; C:/Users/Saad Yousaf/Documents/GitHub/multicycle-processor/arithmetic_processor/data_memory.v     ;         ;
; sign_extend.v                    ; yes             ; User Verilog HDL File              ; C:/Users/Saad Yousaf/Documents/GitHub/multicycle-processor/arithmetic_processor/sign_extend.v     ;         ;
+----------------------------------+-----------------+------------------------------------+---------------------------------------------------------------------------------------------------+---------+


+-----------------------------------------------------+
; Analysis & Synthesis Resource Usage Summary         ;
+---------------------------------------------+-------+
; Resource                                    ; Usage ;
+---------------------------------------------+-------+
; Estimated Total logic elements              ; 402   ;
;                                             ;       ;
; Total combinational functions               ; 394   ;
; Logic element usage by number of LUT inputs ;       ;
;     -- 4 input functions                    ; 276   ;
;     -- 3 input functions                    ; 105   ;
;     -- <=2 input functions                  ; 13    ;
;                                             ;       ;
; Logic elements by mode                      ;       ;
;     -- normal mode                          ; 366   ;
;     -- arithmetic mode                      ; 28    ;
;                                             ;       ;
; Total registers                             ; 105   ;
;     -- Dedicated logic registers            ; 105   ;
;     -- I/O registers                        ; 0     ;
;                                             ;       ;
; I/O pins                                    ; 96    ;
; Embedded Multiplier 9-bit elements          ; 0     ;
; Maximum fan-out node                        ; CLK   ;
; Maximum fan-out                             ; 105   ;
; Total fan-out                               ; 1813  ;
; Average fan-out                             ; 3.05  ;
+---------------------------------------------+-------+


+----------------------------------------------------------------------------------------------------------------------------------------------------------------------------------------------------------+
; Analysis & Synthesis Resource Utilization by Entity                                                                                                                                                      ;
+------------------------------+-------------------+--------------+-------------+--------------+---------+-----------+------+--------------+------------------------------------------------+--------------+
; Compilation Hierarchy Node   ; LC Combinationals ; LC Registers ; Memory Bits ; DSP Elements ; DSP 9x9 ; DSP 18x18 ; Pins ; Virtual Pins ; Full Hierarchy Name                            ; Library Name ;
+------------------------------+-------------------+--------------+-------------+--------------+---------+-----------+------+--------------+------------------------------------------------+--------------+
; |Datapath                    ; 394 (0)           ; 105 (0)      ; 0           ; 0            ; 0       ; 0         ; 96   ; 0            ; |Datapath                                      ; work         ;
;    |DFF1:REG_Qm1|            ; 1 (1)             ; 1 (1)        ; 0           ; 0            ; 0       ; 0         ; 0    ; 0            ; |Datapath|DFF1:REG_Qm1                         ; work         ;
;    |MUX2TO1_8BIT:MULT_SEL_A| ; 13 (13)           ; 0 (0)        ; 0           ; 0            ; 0       ; 0         ; 0    ; 0            ; |Datapath|MUX2TO1_8BIT:MULT_SEL_A              ; work         ;
;    |MUX4TO1:MUX_A|           ; 57 (57)           ; 0 (0)        ; 0           ; 0            ; 0       ; 0         ; 0    ; 0            ; |Datapath|MUX4TO1:MUX_A                        ; work         ;
;    |MUX4TO1:MUX_B|           ; 11 (11)           ; 0 (0)        ; 0           ; 0            ; 0       ; 0         ; 0    ; 0            ; |Datapath|MUX4TO1:MUX_B                        ; work         ;
;    |Multiplier:Multiplier|   ; 40 (8)            ; 24 (24)      ; 0           ; 0            ; 0       ; 0         ; 0    ; 0            ; |Datapath|Multiplier:Multiplier                ; work         ;
;       |ALU:Adder|            ; 24 (24)           ; 0 (0)        ; 0           ; 0            ; 0       ; 0         ; 0    ; 0            ; |Datapath|Multiplier:Multiplier|ALU:Adder      ; work         ;
;       |ALU:Subtractor|       ; 8 (8)             ; 0 (0)        ; 0           ; 0            ; 0       ; 0         ; 0    ; 0            ; |Datapath|Multiplier:Multiplier|ALU:Subtractor ; work         ;
;    |RegisterFile8x8:RF|      ; 122 (122)         ; 64 (64)      ; 0           ; 0            ; 0       ; 0         ; 0    ; 0            ; |Datapath|RegisterFile8x8:RF                   ; work         ;
;    |SHIFTREG8:REG_A|         ; 18 (18)           ; 8 (8)        ; 0           ; 0            ; 0       ; 0         ; 0    ; 0            ; |Datapath|SHIFTREG8:REG_A                      ; work         ;
;    |SHIFTREG8:REG_Q|         ; 18 (18)           ; 8 (8)        ; 0           ; 0            ; 0       ; 0         ; 0    ; 0            ; |Datapath|SHIFTREG8:REG_Q                      ; work         ;
;    |ap_function:ALU|         ; 114 (114)         ; 0 (0)        ; 0           ; 0            ; 0       ; 0         ; 0    ; 0            ; |Datapath|ap_function:ALU                      ; work         ;
+------------------------------+-------------------+--------------+-------------+--------------+---------+-----------+------+--------------+------------------------------------------------+--------------+
Note: For table entries with two numbers listed, the numbers in parentheses indicate the number of resources of the given type used by the specific entity alone. The numbers listed outside of parentheses indicate the total resources of the given type used by the specific entity and all of its sub-entities in the hierarchy.


+----------------------------------------------------------------------------------------------------+
; User-Specified and Inferred Latches                                                                ;
+----------------------------------------------------+----------------------+------------------------+
; Latch Name                                         ; Latch Enable Signal  ; Free of Timing Hazards ;
+----------------------------------------------------+----------------------+------------------------+
; ap_function:ALU|carry[6]                           ; ap_function:ALU|Mux1 ; yes                    ;
; ap_function:ALU|carry[5]                           ; ap_function:ALU|Mux1 ; yes                    ;
; ap_function:ALU|carry[4]                           ; ap_function:ALU|Mux1 ; yes                    ;
; ap_function:ALU|carry[3]                           ; ap_function:ALU|Mux1 ; yes                    ;
; ap_function:ALU|carry[2]                           ; ap_function:ALU|Mux1 ; yes                    ;
; ap_function:ALU|carry[1]                           ; ap_function:ALU|Mux1 ; yes                    ;
; ap_function:ALU|carry[0]                           ; ap_function:ALU|Mux1 ; yes                    ;
; Number of user-specified and inferred latches = 7  ;                      ;                        ;
+----------------------------------------------------+----------------------+------------------------+
Note: All latches listed above may not be present at the end of synthesis due to various synthesis optimizations.


+---------------------------------------------------------------------------------+
; Registers Removed During Synthesis                                              ;
+----------------------------------------+----------------------------------------+
; Register name                          ; Reason for Removal                     ;
+----------------------------------------+----------------------------------------+
; sign_extend:inst7|extended[0..7]       ; Stuck at GND due to stuck port clock   ;
; data_memory:inst4|addr_reg[0..9]       ; Stuck at GND due to stuck port clock   ;
; Multiplier:Multiplier|A[7]             ; Merged with Multiplier:Multiplier|A[6] ;
; Total Number of Removed Registers = 19 ;                                        ;
+----------------------------------------+----------------------------------------+


+------------------------------------------------------+
; General Register Statistics                          ;
+----------------------------------------------+-------+
; Statistic                                    ; Value ;
+----------------------------------------------+-------+
; Total registers                              ; 105   ;
; Number of registers using Synchronous Clear  ; 24    ;
; Number of registers using Synchronous Load   ; 1     ;
; Number of registers using Asynchronous Clear ; 0     ;
; Number of registers using Asynchronous Load  ; 0     ;
; Number of registers using Clock Enable       ; 87    ;
; Number of registers using Preset             ; 0     ;
+----------------------------------------------+-------+


+----------------------------------------------------------------------------------------------------------------------------------------------------------+
; Multiplexer Restructuring Statistics (Restructuring Performed)                                                                                           ;
+--------------------+-----------+---------------+----------------------+------------------------+------------+--------------------------------------------+
; Multiplexer Inputs ; Bus Width ; Baseline Area ; Area if Restructured ; Saving if Restructured ; Registered ; Example Multiplexer Output                 ;
+--------------------+-----------+---------------+----------------------+------------------------+------------+--------------------------------------------+
; 3:1                ; 8 bits    ; 16 LEs        ; 8 LEs                ; 8 LEs                  ; Yes        ; |Datapath|RegisterFile8x8:RF|reg7[3]       ;
; 3:1                ; 8 bits    ; 16 LEs        ; 8 LEs                ; 8 LEs                  ; Yes        ; |Datapath|RegisterFile8x8:RF|reg6[3]       ;
; 3:1                ; 8 bits    ; 16 LEs        ; 8 LEs                ; 8 LEs                  ; Yes        ; |Datapath|RegisterFile8x8:RF|reg5[7]       ;
; 3:1                ; 8 bits    ; 16 LEs        ; 8 LEs                ; 8 LEs                  ; Yes        ; |Datapath|RegisterFile8x8:RF|reg4[7]       ;
; 3:1                ; 8 bits    ; 16 LEs        ; 8 LEs                ; 8 LEs                  ; Yes        ; |Datapath|RegisterFile8x8:RF|reg3[5]       ;
; 3:1                ; 8 bits    ; 16 LEs        ; 8 LEs                ; 8 LEs                  ; Yes        ; |Datapath|RegisterFile8x8:RF|reg2[7]       ;
; 3:1                ; 8 bits    ; 16 LEs        ; 8 LEs                ; 8 LEs                  ; Yes        ; |Datapath|RegisterFile8x8:RF|reg1[5]       ;
; 3:1                ; 8 bits    ; 16 LEs        ; 8 LEs                ; 8 LEs                  ; Yes        ; |Datapath|RegisterFile8x8:RF|reg0[1]       ;
; 4:1                ; 6 bits    ; 12 LEs        ; 12 LEs               ; 0 LEs                  ; Yes        ; |Datapath|Multiplier:Multiplier|A[3]       ;
; 5:1                ; 7 bits    ; 21 LEs        ; 14 LEs               ; 7 LEs                  ; Yes        ; |Datapath|SHIFTREG8:REG_A|Q[6]             ;
; 6:1                ; 8 bits    ; 32 LEs        ; 24 LEs               ; 8 LEs                  ; Yes        ; |Datapath|SHIFTREG8:REG_Q|Q[7]             ;
; 4:1                ; 8 bits    ; 16 LEs        ; 16 LEs               ; 0 LEs                  ; No         ; |Datapath|MUX4TO1:MUX_D|Mux5               ;
; 8:1                ; 8 bits    ; 40 LEs        ; 40 LEs               ; 0 LEs                  ; No         ; |Datapath|RegisterFile8x8:RF|Read_DataB[7] ;
; 3:1                ; 7 bits    ; 14 LEs        ; 14 LEs               ; 0 LEs                  ; No         ; |Datapath|ap_function:ALU|Mux7             ;
; 8:1                ; 8 bits    ; 40 LEs        ; 40 LEs               ; 0 LEs                  ; No         ; |Datapath|ap_function:ALU|Mux15            ;
; 11:1               ; 8 bits    ; 56 LEs        ; 56 LEs               ; 0 LEs                  ; No         ; |Datapath|MUX4TO1:MUX_A|Mux7               ;
+--------------------+-----------+---------------+----------------------+------------------------+------------+--------------------------------------------+


+------------------------------------------------------------------+
; Port Connectivity Checks: "Multiplier:Multiplier|ALU:Subtractor" ;
+------+-------+----------+----------------------------------------+
; Port ; Type  ; Severity ; Details                                ;
+------+-------+----------+----------------------------------------+
; cin  ; Input ; Info     ; Stuck at VCC                           ;
+------+-------+----------+----------------------------------------+


+-------------------------------------------------------------+
; Port Connectivity Checks: "Multiplier:Multiplier|ALU:Adder" ;
+------+-------+----------+-----------------------------------+
; Port ; Type  ; Severity ; Details                           ;
+------+-------+----------+-----------------------------------+
; cin  ; Input ; Info     ; Stuck at GND                      ;
+------+-------+----------+-----------------------------------+


+-------------------------------+
; Elapsed Time Per Partition    ;
+----------------+--------------+
; Partition Name ; Elapsed Time ;
+----------------+--------------+
; Top            ; 00:00:01     ;
+----------------+--------------+


+-------------------------------+
; Analysis & Synthesis Messages ;
+-------------------------------+
Info: *******************************************************************
Info: Running Quartus II 64-Bit Analysis & Synthesis
    Info: Version 13.0.1 Build 232 06/12/2013 Service Pack 1 SJ Web Edition
    Info: Processing started: Wed Apr 08 16:41:24 2020
Info: Command: quartus_map --read_settings_files=on --write_settings_files=off arithmetic_processor -c arithmetic_processor
Warning (20028): Parallel compilation is not licensed and has been disabled
Info (12021): Found 1 design units, including 1 entities, in source file multiplier.v
    Info (12023): Found entity 1: Multiplier
Info (12021): Found 1 design units, including 1 entities, in source file alu.v
    Info (12023): Found entity 1: ALU
Info (12021): Found 1 design units, including 1 entities, in source file ap_function.v
    Info (12023): Found entity 1: ap_function
Info (12021): Found 1 design units, including 1 entities, in source file dff8.v
    Info (12023): Found entity 1: DFF8
Info (12021): Found 1 design units, including 1 entities, in source file mux4to1.v
    Info (12023): Found entity 1: MUX4TO1
Info (12021): Found 1 design units, including 1 entities, in source file datapath.bdf
    Info (12023): Found entity 1: Datapath
Info (12021): Found 1 design units, including 1 entities, in source file shiftreg8.v
    Info (12023): Found entity 1: SHIFTREG8
Info (12021): Found 1 design units, including 1 entities, in source file shiftregs.bdf
    Info (12023): Found entity 1: SHIFTREGS
Info (12021): Found 1 design units, including 1 entities, in source file mux2to1.v
    Info (12023): Found entity 1: MUX2TO1
Info (12021): Found 1 design units, including 1 entities, in source file dff1.v
    Info (12023): Found entity 1: DFF1
Info (12021): Found 1 design units, including 1 entities, in source file controlunit.v
    Info (12023): Found entity 1: ControlUnit
Info (12021): Found 1 design units, including 1 entities, in source file mux2to1_8bit.v
    Info (12023): Found entity 1: MUX2TO1_8BIT
Info (12021): Found 1 design units, including 1 entities, in source file registerfile8x8.v
    Info (12023): Found entity 1: RegisterFile8x8
Info (12021): Found 1 design units, including 1 entities, in source file data_memory.v
    Info (12023): Found entity 1: data_memory
Info (12021): Found 1 design units, including 1 entities, in source file sign_extend.v
    Info (12023): Found entity 1: sign_extend
Info (12127): Elaborating entity "Datapath" for the top level hierarchy
Warning (275013): Port "clk" of type data_memory and instance "inst4" is missing source signal
Warning (275013): Port "clk" of type sign_extend and instance "inst7" is missing source signal
Info (12128): Elaborating entity "DFF1" for hierarchy "DFF1:REG_Qm1"
Info (12128): Elaborating entity "SHIFTREG8" for hierarchy "SHIFTREG8:REG_Q"
Info (12128): Elaborating entity "MUX2TO1" for hierarchy "MUX2TO1:MUX_S"
Info (12128): Elaborating entity "MUX2TO1_8BIT" for hierarchy "MUX2TO1_8BIT:MULT_SEL_A"
Info (12128): Elaborating entity "ap_function" for hierarchy "ap_function:ALU"
Warning (10230): Verilog HDL assignment warning at ap_function.v(11): truncated value with size 32 to match size of target (8)
Warning (10230): Verilog HDL assignment warning at ap_function.v(12): truncated value with size 32 to match size of target (8)
Warning (10240): Verilog HDL Always Construct warning at ap_function.v(11): inferring latch(es) for variable "carry", which holds its previous value in one or more paths through the always construct
Info (10041): Inferred latch for "carry[0]" at ap_function.v(11)
Info (10041): Inferred latch for "carry[1]" at ap_function.v(11)
Info (10041): Inferred latch for "carry[2]" at ap_function.v(11)
Info (10041): Inferred latch for "carry[3]" at ap_function.v(11)
Info (10041): Inferred latch for "carry[4]" at ap_function.v(11)
Info (10041): Inferred latch for "carry[5]" at ap_function.v(11)
Info (10041): Inferred latch for "carry[6]" at ap_function.v(11)
Info (12128): Elaborating entity "MUX4TO1" for hierarchy "MUX4TO1:MUX_A"
Info (12128): Elaborating entity "RegisterFile8x8" for hierarchy "RegisterFile8x8:RF"
Warning (10230): Verilog HDL assignment warning at RegisterFile8x8.v(14): truncated value with size 32 to match size of target (8)
Warning (10230): Verilog HDL assignment warning at RegisterFile8x8.v(23): truncated value with size 32 to match size of target (8)
Info (12128): Elaborating entity "data_memory" for hierarchy "data_memory:inst4"
Info (12128): Elaborating entity "sign_extend" for hierarchy "sign_extend:inst7"
Info (12128): Elaborating entity "Multiplier" for hierarchy "Multiplier:Multiplier"
Info (10264): Verilog HDL Case Statement information at Multiplier.v(30): all case item expressions in this case statement are onehot
Info (12128): Elaborating entity "ALU" for hierarchy "Multiplier:Multiplier|ALU:Adder"
Warning (13012): Latch ap_function:ALU|carry[6] has unsafe behavior
    Warning (13013): Ports D and ENA on the latch are fed by the same signal AOP[1]
Warning (13012): Latch ap_function:ALU|carry[5] has unsafe behavior
    Warning (13013): Ports D and ENA on the latch are fed by the same signal AOP[1]
Warning (13012): Latch ap_function:ALU|carry[4] has unsafe behavior
    Warning (13013): Ports D and ENA on the latch are fed by the same signal AOP[1]
Warning (13012): Latch ap_function:ALU|carry[3] has unsafe behavior
    Warning (13013): Ports D and ENA on the latch are fed by the same signal AOP[1]
Warning (13012): Latch ap_function:ALU|carry[2] has unsafe behavior
    Warning (13013): Ports D and ENA on the latch are fed by the same signal AOP[1]
Warning (13012): Latch ap_function:ALU|carry[1] has unsafe behavior
    Warning (13013): Ports D and ENA on the latch are fed by the same signal AOP[1]
Warning (13012): Latch ap_function:ALU|carry[0] has unsafe behavior
    Warning (13013): Ports D and ENA on the latch are fed by the same signal AOP[1]
Info (144001): Generated suppressed messages file C:/Users/Saad Yousaf/Documents/GitHub/multicycle-processor/arithmetic_processor/output_files/arithmetic_processor.map.smsg
Info (16010): Generating hard_block partition "hard_block:auto_generated_inst"
    Info (16011): Adding 0 node(s), including 0 DDIO, 0 PLL, 0 transceiver and 0 LCELL
Warning (21074): Design contains 6 input pin(s) that do not drive logic
    Warning (15610): No output dependent on input pin "DAT1[5]"
    Warning (15610): No output dependent on input pin "DAT1[4]"
    Warning (15610): No output dependent on input pin "DAT1[3]"
    Warning (15610): No output dependent on input pin "DAT1[2]"
    Warning (15610): No output dependent on input pin "DAT1[1]"
    Warning (15610): No output dependent on input pin "DAT1[0]"
Info (21057): Implemented 498 device resources after synthesis - the final resource count might be different
    Info (21058): Implemented 51 input pins
    Info (21059): Implemented 45 output pins
    Info (21061): Implemented 402 logic cells
Info: Quartus II 64-Bit Analysis & Synthesis was successful. 0 errors, 29 warnings
    Info: Peak virtual memory: 4614 megabytes
    Info: Processing ended: Wed Apr 08 16:41:27 2020
    Info: Elapsed time: 00:00:03
    Info: Total CPU time (on all processors): 00:00:03


+------------------------------------------+
; Analysis & Synthesis Suppressed Messages ;
+------------------------------------------+
The suppressed messages can be found in C:/Users/Saad Yousaf/Documents/GitHub/multicycle-processor/arithmetic_processor/output_files/arithmetic_processor.map.smsg.


