Flow report for arithmetic_processor
Mon Mar 30 10:01:53 2020
Quartus II 64-Bit Version 13.0.1 Build 232 06/12/2013 Service Pack 1 SJ Web Edition


---------------------
; Table of Contents ;
---------------------
  1. Legal Notice
  2. Flow Summary
  3. Flow Settings
  4. Flow Non-Default Global Settings
  5. Flow Elapsed Time
  6. Flow OS Summary
  7. Flow Log
  8. Flow Messages
  9. Flow Suppressed Messages



----------------
; Legal Notice ;
----------------
Copyright (C) 1991-2013 Altera Corporation
Your use of Altera Corporation's design tools, logic functions 
and other software and tools, and its AMPP partner logic 
functions, and any output files from any of the foregoing 
(including device programming or simulation files), and any 
associated documentation or information are expressly subject 
to the terms and conditions of the Altera Program License 
Subscription Agreement, Altera MegaCore Function License 
Agreement, or other applicable license agreement, including, 
without limitation, that your use is for the sole purpose of 
programming logic devices manufactured by Altera and sold by 
Altera or its authorized distributors.  Please refer to the 
applicable agreement for further details.



+--------------------------------------------------------------------------------------+
; Flow Summary                                                                         ;
+------------------------------------+-------------------------------------------------+
; Flow Status                        ; Successful - Mon Mar 30 10:01:53 2020           ;
; Quartus II 64-Bit Version          ; 13.0.1 Build 232 06/12/2013 SP 1 SJ Web Edition ;
; Revision Name                      ; arithmetic_processor                            ;
; Top-level Entity Name              ; Datapath                                        ;
; Family                             ; Cyclone II                                      ;
; Device                             ; EP2C70F896C6                                    ;
; Timing Models                      ; Final                                           ;
; Total logic elements               ; 279 / 68,416 ( < 1 % )                          ;
;     Total combinational functions  ; 273 / 68,416 ( < 1 % )                          ;
;     Dedicated logic registers      ; 66 / 68,416 ( < 1 % )                           ;
; Total registers                    ; 66                                              ;
; Total pins                         ; 94 / 622 ( 15 % )                               ;
; Total virtual pins                 ; 0                                               ;
; Total memory bits                  ; 0 / 1,152,000 ( 0 % )                           ;
; Embedded Multiplier 9-bit elements ; 0 / 300 ( 0 % )                                 ;
; Total PLLs                         ; 0 / 4 ( 0 % )                                   ;
+------------------------------------+-------------------------------------------------+


+------------------------------------------+
; Flow Settings                            ;
+-------------------+----------------------+
; Option            ; Setting              ;
+-------------------+----------------------+
; Start date & time ; 03/30/2020 09:58:09  ;
; Main task         ; Compilation          ;
; Revision Name     ; arithmetic_processor ;
+-------------------+----------------------+


+-----------------------------------------------------------------------------------------------------------------------------------+
; Flow Non-Default Global Settings                                                                                                  ;
+-------------------------------------+---------------------------------------+----------------------+-------------+----------------+
; Assignment Name                     ; Value                                 ; Default Value        ; Entity Name ; Section Id     ;
+-------------------------------------+---------------------------------------+----------------------+-------------+----------------+
; COMPILER_SIGNATURE_ID               ; 268891677598973.158555148817900       ; --                   ; --          ; --             ;
; EDA_GENERATE_FUNCTIONAL_NETLIST     ; On                                    ; --                   ; --          ; eda_simulation ;
; EDA_OUTPUT_DATA_FORMAT              ; Verilog Hdl                           ; --                   ; --          ; eda_simulation ;
; EDA_SIMULATION_TOOL                 ; ModelSim-Altera (Verilog)             ; <None>               ; --          ; --             ;
; MAX_CORE_JUNCTION_TEMP              ; 85                                    ; --                   ; --          ; --             ;
; MIN_CORE_JUNCTION_TEMP              ; 0                                     ; --                   ; --          ; --             ;
; PARTITION_COLOR                     ; 16764057                              ; --                   ; Datapath    ; Top            ;
; PARTITION_FITTER_PRESERVATION_LEVEL ; PLACEMENT_AND_ROUTING                 ; --                   ; Datapath    ; Top            ;
; PARTITION_NETLIST_TYPE              ; SOURCE                                ; --                   ; Datapath    ; Top            ;
; POWER_BOARD_THERMAL_MODEL           ; None (CONSERVATIVE)                   ; --                   ; --          ; --             ;
; POWER_PRESET_COOLING_SOLUTION       ; 23 MM HEAT SINK WITH 200 LFPM AIRFLOW ; --                   ; --          ; --             ;
; PROJECT_OUTPUT_DIRECTORY            ; output_files                          ; --                   ; --          ; --             ;
; TOP_LEVEL_ENTITY                    ; Datapath                              ; arithmetic_processor ; --          ; --             ;
+-------------------------------------+---------------------------------------+----------------------+-------------+----------------+


+-------------------------------------------------------------------------------------------------------------------------------+
; Flow Elapsed Time                                                                                                             ;
+---------------------------+--------------+-------------------------+---------------------+------------------------------------+
; Module Name               ; Elapsed Time ; Average Processors Used ; Peak Virtual Memory ; Total CPU Time (on all processors) ;
+---------------------------+--------------+-------------------------+---------------------+------------------------------------+
; Analysis & Synthesis      ; 00:00:03     ; 1.0                     ; 4600 MB             ; 00:00:03                           ;
; Fitter                    ; 00:00:16     ; 1.0                     ; 4992 MB             ; 00:00:16                           ;
; Assembler                 ; 00:00:04     ; 1.0                     ; 4575 MB             ; 00:00:04                           ;
; TimeQuest Timing Analyzer ; 00:00:02     ; 1.0                     ; 4565 MB             ; 00:00:01                           ;
; EDA Netlist Writer        ; 00:00:00     ; 1.0                     ; 4531 MB             ; 00:00:01                           ;
; EDA Netlist Writer        ; 00:00:00     ; 1.0                     ; 4523 MB             ; 00:00:01                           ;
; EDA Netlist Writer        ; 00:00:01     ; 1.0                     ; 4528 MB             ; 00:00:01                           ;
; EDA Netlist Writer        ; 00:00:01     ; 1.0                     ; 4523 MB             ; 00:00:01                           ;
; EDA Netlist Writer        ; 00:00:01     ; 1.0                     ; 4528 MB             ; 00:00:01                           ;
; Total                     ; 00:00:28     ; --                      ; --                  ; 00:00:29                           ;
+---------------------------+--------------+-------------------------+---------------------+------------------------------------+


+----------------------------------------------------------------------------------------+
; Flow OS Summary                                                                        ;
+---------------------------+------------------+-----------+------------+----------------+
; Module Name               ; Machine Hostname ; OS Name   ; OS Version ; Processor type ;
+---------------------------+------------------+-----------+------------+----------------+
; Analysis & Synthesis      ; DESKTOP-OFI7FUL  ; Windows 7 ; 6.2        ; x86_64         ;
; Fitter                    ; DESKTOP-OFI7FUL  ; Windows 7 ; 6.2        ; x86_64         ;
; Assembler                 ; DESKTOP-OFI7FUL  ; Windows 7 ; 6.2        ; x86_64         ;
; TimeQuest Timing Analyzer ; DESKTOP-OFI7FUL  ; Windows 7 ; 6.2        ; x86_64         ;
; EDA Netlist Writer        ; DESKTOP-OFI7FUL  ; Windows 7 ; 6.2        ; x86_64         ;
; EDA Netlist Writer        ; DESKTOP-OFI7FUL  ; Windows 7 ; 6.2        ; x86_64         ;
; EDA Netlist Writer        ; DESKTOP-OFI7FUL  ; Windows 7 ; 6.2        ; x86_64         ;
; EDA Netlist Writer        ; DESKTOP-OFI7FUL  ; Windows 7 ; 6.2        ; x86_64         ;
; EDA Netlist Writer        ; DESKTOP-OFI7FUL  ; Windows 7 ; 6.2        ; x86_64         ;
+---------------------------+------------------+-----------+------------+----------------+


------------
; Flow Log ;
------------
quartus_map --read_settings_files=on --write_settings_files=off arithmetic_processor -c arithmetic_processor
quartus_fit --read_settings_files=off --write_settings_files=off arithmetic_processor -c arithmetic_processor
quartus_asm --read_settings_files=off --write_settings_files=off arithmetic_processor -c arithmetic_processor
quartus_sta arithmetic_processor -c arithmetic_processor
quartus_eda --read_settings_files=off --write_settings_files=off arithmetic_processor -c arithmetic_processor
quartus_eda --gen_testbench --check_outputs=on --tool=modelsim_oem --format=verilog arithmetic_processor -c arithmetic_processor --vector_source=F:/Arithmetic_processor-20200321T200406Z-001/Arithmetic_processor/Datapath_Multiplication.vwf --testbench_file=./simulation/qsim/arithmetic_processor.vt
quartus_eda --functional=on --simulation=on --tool=modelsim_oem --format=verilog arithmetic_processor -c arithmetic_processor
quartus_eda --gen_testbench --check_outputs=on --tool=modelsim_oem --format=verilog arithmetic_processor -c arithmetic_processor --vector_source=F:/Arithmetic_processor-20200321T200406Z-001/Arithmetic_processor/Datapath_Multiplication.vwf --testbench_file=./simulation/qsim/arithmetic_processor.vt
quartus_eda --functional=on --simulation=on --tool=modelsim_oem --format=verilog arithmetic_processor -c arithmetic_processor



